Arguments: 
  C:\Program Files\nodejs\node.exe C:\Program Files (x86)\Yarn\bin\yarn.js start

PATH: 
  C:\Program Files (x86)\VMware\VMware Workstation\bin\;C:\Program Files (x86)\Common Files\Oracle\Java\javapath;C:\Windows\system32;C:\Windows;C:\Windows\System32\Wbem;C:\Windows\System32\WindowsPowerShell\v1.0\;C:\Windows\System32\OpenSSH\;C:\HashiCorp\Vagrant\bin;C:\Program Files (x86)\Citrix\HDX\bin\;C:\Program Files\Citrix\HDX\bin\;C:\Program Files\Citrix\Virtual Desktop Agent\;C:\Program Files\nodejs\;C:\ProgramData\chocolatey\bin;C:\Program Files\Git\cmd;C:\Program Files\Microsoft VS Code\bin;C:\Program Files (x86)\Yarn\bin\;C:\Users\cssreact47\AppData\Local\Microsoft\WindowsApps;C:\Users\cssreact47\AppData\Local\Yarn\bin

Yarn version: 
  1.22.15

Node version: 
  16.0.0

Platform: 
  win32 x64

Trace: 
  SyntaxError: D:\React_Project\css-corp-batch-2\package.json: Unexpected token < in JSON at position 2
      at JSON.parse (<anonymous>)
      at C:\Program Files (x86)\Yarn\lib\cli.js:1625:59
      at Generator.next (<anonymous>)
      at step (C:\Program Files (x86)\Yarn\lib\cli.js:310:30)
      at C:\Program Files (x86)\Yarn\lib\cli.js:321:13

npm manifest: 
  {
  <<<<<<< HEAD
    "name": "react-initial-project",
  =======
    "name": "css-corp-batch-2",
  >>>>>>> 128f858ef7ba43a84b6b628a85eed8f2376aae64
    "version": "0.0.1",
    "description": "react and javascript training",
    "main": "index.js",
    "scripts": {
      "build": "webpack",
      "start": "webpack serve --open",
      "lint": "eslint ./src",
      "lint:fix": "eslint ./src --fix",
      "test": "echo \"Error: no test specified\" && exit 1"
    },
    "repository": {
      "type": "git",
  <<<<<<< HEAD
      "url": "git+https://github.com/kmahendi/css-corp-batch-2.git"
  =======
      "url": "git+https://github.com/imyagnesh/css-corp-batch-2.git"
  >>>>>>> 128f858ef7ba43a84b6b628a85eed8f2376aae64
    },
    "keywords": [
      "react",
      "javascript",
      "es6"
    ],
  <<<<<<< HEAD
    "author": "Krishnamoorthy Mahendiran (krishnamoorthy.mahendiran@csscorp.com)",
    "license": "MIT",
    "bugs": {
      "url": "https://github.com/kmahendi/css-corp-batch-2/issues"
    },
    "homepage": "https://github.com/kmahendi/css-corp-batch-2#readme",
    "dependencies": {
      "react-dom": "^17.0.2",
      "webpack": "^5.64.4"
    },
  =======
    "author": "Yagnesh Modh (yagnesh.modh@gmail.com)",
    "license": "MIT",
    "bugs": {
      "url": "https://github.com/imyagnesh/css-corp-batch-2/issues"
    },
    "homepage": "https://github.com/imyagnesh/css-corp-batch-2#readme",
  >>>>>>> 128f858ef7ba43a84b6b628a85eed8f2376aae64
    "devDependencies": {
      "@babel/core": "^7.16.0",
      "@babel/eslint-parser": "^7.16.3",
      "@babel/preset-env": "^7.16.4",
      "@babel/preset-react": "^7.16.0",
  <<<<<<< HEAD
      "babel-loader": "^8.2.3",
      "eslint": "^8.4.0",
  =======
      "@tailwindcss/jit": "^0.1.18",
      "autoprefixer": "^10.4.0",
      "babel-loader": "^8.2.3",
      "css-loader": "^6.5.1",
      "eslint": "^8.3.0",
  >>>>>>> 128f858ef7ba43a84b6b628a85eed8f2376aae64
      "eslint-config-airbnb": "^19.0.2",
      "eslint-plugin-import": "^2.25.3",
      "eslint-plugin-jsx-a11y": "^6.5.1",
      "eslint-plugin-react": "^7.27.1",
      "eslint-plugin-react-hooks": "^4.3.0",
      "html-webpack-plugin": "^5.5.0",
  <<<<<<< HEAD
      "prettier": "2.5.1",
      "react": "^17.0.2",
      "webpack-cli": "^4.9.1",
      "webpack-dev-server": "^4.6.0"
  =======
      "mini-css-extract-plugin": "^2.4.5",
      "postcss": "^8.4.5",
      "postcss-cli": "^9.1.0",
      "postcss-loader": "^6.2.1",
      "prettier": "2.5.1",
      "sass": "^1.44.0",
      "sass-loader": "^12.4.0",
      "style-loader": "^3.3.1",
      "tailwindcss": "^3.0.1",
      "webpack": "^5.64.4",
      "webpack-cli": "^4.9.1",
      "webpack-dev-server": "^4.6.0"
    },
    "dependencies": {
      "@tailwindcss/forms": "^0.4.0",
      "classnames": "^2.3.1",
      "prop-types": "^15.7.2",
      "react": "^17.0.2",
      "react-addons-shallow-compare": "^15.6.3",
      "react-dom": "^17.0.2"
  >>>>>>> 128f858ef7ba43a84b6b628a85eed8f2376aae64
    }
  }

yarn manifest: 
  No manifest

Lockfile: 
  No lockfile
